# JRE version: Java(TM) SE Runtime Environment (17.0.1+12) (build 17.0.1+12-LTS-39)
# Java VM: Java HotSpot(TM) 64-Bit Server VM (17.0.1+12-LTS-39, mixed mode, sharing, tiered, compressed oops, compressed class ptrs, g1 gc, windows-amd64)
GC Precious Log:
 CPUs: 8 total, 8 available
 Memory: 14244M
 Large Page Support: Disabled
 NUMA Support: Disabled
 Compressed Oops: Enabled (Zero based)
 Heap Region Size: 2M
 Heap Min Capacity: 8M
 Heap Initial Capacity: 224M
 Heap Max Capacity: 3G
 Pre-touch: Disabled
 Parallel Workers: 8
 Concurrent Workers: 2
 Concurrent Refinement Workers: 8
 Periodic GC: Disabled
Heap:
 garbage-first heap   total 387072K, used 333366K [0x0000000740000000, 0x0000000800000000)
  region size 2048K, 2 young (4096K), 2 survivors (4096K)
 Metaspace       used 80711K, committed 81536K, reserved 1122304K
  class space    used 10875K, committed 11264K, reserved 1048576K
GC Heap History (20 events):
Event: 31.680 GC heap after
{Heap after GC invocations=30 (full 0):
 garbage-first heap   total 325632K, used 91088K [0x0000000740000000, 0x0000000800000000)
  region size 2048K, 4 young (8192K), 4 survivors (8192K)
 Metaspace       used 79150K, committed 79744K, reserved 1122304K
  class space    used 10764K, committed 11072K, reserved 1048576K
}
Event: 1220.591 GC heap before
{Heap before GC invocations=30 (full 0):
 garbage-first heap   total 325632K, used 285648K [0x0000000740000000, 0x0000000800000000)
  region size 2048K, 81 young (165888K), 4 survivors (8192K)
 Metaspace       used 80708K, committed 81408K, reserved 1122304K
  class space    used 10900K, committed 11264K, reserved 1048576K
}
Event: 1220.602 GC heap after
{Heap after GC invocations=31 (full 0):
 garbage-first heap   total 325632K, used 86315K [0x0000000740000000, 0x0000000800000000)
  region size 2048K, 5 young (10240K), 5 survivors (10240K)
 Metaspace       used 80708K, committed 81408K, reserved 1122304K
  class space    used 10900K, committed 11264K, reserved 1048576K
}
Event: 1221.058 GC heap before
{Heap before GC invocations=31 (full 0):
 garbage-first heap   total 325632K, used 160043K [0x0000000740000000, 0x0000000800000000)
  region size 2048K, 10 young (20480K), 5 survivors (10240K)
 Metaspace       used 80765K, committed 81472K, reserved 1122304K
  class space    used 10901K, committed 11264K, reserved 1048576K
}
Event: 1221.065 GC heap after
{Heap after GC invocations=32 (full 0):
 garbage-first heap   total 325632K, used 94163K [0x0000000740000000, 0x0000000800000000)
  region size 2048K, 6 young (12288K), 6 survivors (12288K)
 Metaspace       used 80765K, committed 81472K, reserved 1122304K
  class space    used 10901K, committed 11264K, reserved 1048576K
}
Event: 1221.384 GC heap before
{Heap before GC invocations=32 (full 0):
 garbage-first heap   total 325632K, used 270291K [0x0000000740000000, 0x0000000800000000)
  region size 2048K, 87 young (178176K), 6 survivors (12288K)
 Metaspace       used 80765K, committed 81472K, reserved 1122304K
  class space    used 10901K, committed 11264K, reserved 1048576K
}
Event: 1221.545 GC heap after
{Heap after GC invocations=33 (full 0):
 garbage-first heap   total 378880K, used 188263K [0x0000000740000000, 0x0000000800000000)
  region size 2048K, 11 young (22528K), 11 survivors (22528K)
 Metaspace       used 80765K, committed 81472K, reserved 1122304K
  class space    used 10901K, committed 11264K, reserved 1048576K
}
Event: 1221.613 GC heap before
{Heap before GC invocations=33 (full 0):
 garbage-first heap   total 378880K, used 194407K [0x0000000740000000, 0x0000000800000000)
  region size 2048K, 13 young (26624K), 11 survivors (22528K)
 Metaspace       used 80765K, committed 81472K, reserved 1122304K
  class space    used 10901K, committed 11264K, reserved 1048576K
}
Event: 1221.638 GC heap after
{Heap after GC invocations=34 (full 0):
 garbage-first heap   total 378880K, used 190313K [0x0000000740000000, 0x0000000800000000)
  region size 2048K, 2 young (4096K), 2 survivors (4096K)
 Metaspace       used 80765K, committed 81472K, reserved 1122304K
  class space    used 10901K, committed 11264K, reserved 1048576K
}
Event: 1221.957 GC heap before
{Heap before GC invocations=35 (full 0):
 garbage-first heap   total 387072K, used 311145K [0x0000000740000000, 0x0000000800000000)
  region size 2048K, 35 young (71680K), 2 survivors (4096K)
 Metaspace       used 80696K, committed 81536K, reserved 1122304K
  class space    used 10874K, committed 11264K, reserved 1048576K
}
Event: 1221.979 GC heap after
{Heap after GC invocations=36 (full 0):
 garbage-first heap   total 387072K, used 240426K [0x0000000740000000, 0x0000000800000000)
  region size 2048K, 5 young (10240K), 5 survivors (10240K)
 Metaspace       used 80696K, committed 81536K, reserved 1122304K
  class space    used 10874K, committed 11264K, reserved 1048576K
}
Event: 1222.007 GC heap before
{Heap before GC invocations=36 (full 0):
 garbage-first heap   total 387072K, used 283434K [0x0000000740000000, 0x0000000800000000)
  region size 2048K, 26 young (53248K), 5 survivors (10240K)
 Metaspace       used 80696K, committed 81536K, reserved 1122304K
  class space    used 10874K, committed 11264K, reserved 1048576K
}
Event: 1222.027 GC heap after
{Heap after GC invocations=37 (full 0):
 garbage-first heap   total 387072K, used 271169K [0x0000000740000000, 0x0000000800000000)
  region size 2048K, 4 young (8192K), 4 survivors (8192K)
 Metaspace       used 80696K, committed 81536K, reserved 1122304K
  class space    used 10874K, committed 11264K, reserved 1048576K
}
Event: 1222.052 GC heap before
{Heap before GC invocations=37 (full 0):
 garbage-first heap   total 387072K, used 299841K [0x0000000740000000, 0x0000000800000000)
  region size 2048K, 18 young (36864K), 4 survivors (8192K)
 Metaspace       used 80696K, committed 81536K, reserved 1122304K
  class space    used 10874K, committed 11264K, reserved 1048576K
}
Event: 1222.074 GC heap after
{Heap after GC invocations=38 (full 0):
 garbage-first heap   total 387072K, used 294912K [0x0000000740000000, 0x0000000800000000)
  region size 2048K, 3 young (6144K), 3 survivors (6144K)
 Metaspace       used 80696K, committed 81536K, reserved 1122304K
  class space    used 10874K, committed 11264K, reserved 1048576K
}
Event: 1222.100 GC heap before
{Heap before GC invocations=38 (full 0):
 garbage-first heap   total 387072K, used 313344K [0x0000000740000000, 0x0000000800000000)
  region size 2048K, 12 young (24576K), 3 survivors (6144K)
 Metaspace       used 80696K, committed 81536K, reserved 1122304K
  class space    used 10874K, committed 11264K, reserved 1048576K
}
Event: 1222.118 GC heap after
{Heap after GC invocations=39 (full 0):
 garbage-first heap   total 387072K, used 311894K [0x0000000740000000, 0x0000000800000000)
  region size 2048K, 2 young (4096K), 2 survivors (4096K)
 Metaspace       used 80696K, committed 81536K, reserved 1122304K
  class space    used 10874K, committed 11264K, reserved 1048576K
}
Event: 1222.186 GC heap before
{Heap before GC invocations=39 (full 0):
 garbage-first heap   total 387072K, used 340566K [0x0000000740000000, 0x0000000800000000)
  region size 2048K, 9 young (18432K), 2 survivors (4096K)
 Metaspace       used 80711K, committed 81536K, reserved 1122304K
  class space    used 10875K, committed 11264K, reserved 1048576K
}
Event: 1222.198 GC heap after
{Heap after GC invocations=40 (full 0):
 garbage-first heap   total 387072K, used 327680K [0x0000000740000000, 0x0000000800000000)
  region size 2048K, 2 young (4096K), 2 survivors (4096K)
 Metaspace       used 80711K, committed 81536K, reserved 1122304K
  class space    used 10875K, committed 11264K, reserved 1048576K
}
Event: 1222.249 GC heap before
{Heap before GC invocations=40 (full 0):
 garbage-first heap   total 387072K, used 370688K [0x0000000740000000, 0x0000000800000000)
  region size 2048K, 6 young (12288K), 2 survivors (4096K)
 Metaspace       used 80711K, committed 81536K, reserved 1122304K
  class space    used 10875K, committed 11264K, reserved 1048576K
}

